Board #1:
  Solution for puzzle #1:
     4 ->  1
     6 ->  4
     1 ->  6
     7 ->  2
    10 ->  3
    12 ->  5
    14 -> 12
    11 -> 13
    13 ->  6
     3 -> 10
    15 ->  6
     6 ->  4
     4 ->  1
  Solution for puzzle #2:
     4 ->  1
    13 ->  4
    10 ->  8
     7 ->  9
     6 -> 13
     1 ->  6
  Solution for puzzle #3:
     2 ->  7
    13 ->  4
    10 ->  8
     7 ->  9
     6 -> 13
     1 ->  6
  Solution for puzzle #4:
     3 -> 10
    13 ->  6
     7 ->  9
    10 ->  8
     4 -> 13
     1 ->  4
  Solution for puzzle #5:
  Solution for puzzle #6:
Board #2:
  Solution for puzzle #1:
     4 ->  2
     1 ->  3
    10 ->  2
     8 ->  6
    16 -> 14
    13 -> 15
    15 ->  7
     3 -> 11
     5 ->  7
    11 ->  3
     3 ->  1
  Solution for puzzle #2:
     4 ->  2
     1 ->  3
    10 ->  2
     2 ->  4
     8 ->  6
     5 ->  7
    13 ->  5
    16 ->  8
     4 -> 12
    14 -> 16
    16 ->  8
     8 ->  6
     5 ->  7
    11 ->  3
Board #3:
  Solution for puzzle #1:
     4 ->  2
     1 ->  3
     9 ->  2
     2 ->  4
     5 ->  3
  Solution for puzzle #2:
     3 ->  6
     1 ->  3
     4 ->  1
     1 ->  8
     7 ->  5
     3 -> 10
    10 ->  4
     4 ->  6
Board #4:
  Solution for puzzle #1:
    15 -> 13
    13 -> 11
    11 ->  9
     9 ->  7
     7 ->  5
     5 ->  3
     3 ->  1
  Solution for puzzle #2:
    12 -> 10
     9 -> 11
Board #5:
  Solution for puzzle #1:
    16 ->  2
     2 ->  4
     4 ->  6
     6 ->  8
     8 -> 10
    10 -> 12
    12 -> 14
